<?xml version="1.0" encoding="UTF-8"?>
<!-- Generated by org.testng.reporters.JUnitReportReporter -->
<testsuite hostname="Bijus-MacBook-Pro.local" failures="0" tests="1" name="api.com.tests.apiTestScript" time="1.289" errors="0" timestamp="24 Feb 2022 13:36:29 GMT" skipped="0">
  <testcase classname="api.com.tests.apiTestScript" name="validateResponseBodyPojoPostUsingRandomUtils" time="1.289"/>
</testsuite> <!-- api.com.tests.apiTestScript -->
